0 info it worked if it ends with ok
1 verbose cli [ '/usr/local/bin/node',
1 verbose cli   '/usr/local/bin/npm',
1 verbose cli   'install',
1 verbose cli   'bigint' ]
2 info using npm@4.1.2
3 info using node@v7.2.1
4 silly loadCurrentTree Starting
5 silly install loadCurrentTree
6 silly install readLocalPackageData
7 silly fetchPackageMetaData bigint
8 silly fetchNamedPackageData bigint
9 silly mapToRegistry name bigint
10 silly mapToRegistry using default registry
11 silly mapToRegistry registry https://registry.npmjs.org/
12 silly mapToRegistry data Result {
12 silly mapToRegistry   raw: 'bigint',
12 silly mapToRegistry   scope: null,
12 silly mapToRegistry   escapedName: 'bigint',
12 silly mapToRegistry   name: 'bigint',
12 silly mapToRegistry   rawSpec: '',
12 silly mapToRegistry   spec: 'latest',
12 silly mapToRegistry   type: 'tag' }
13 silly mapToRegistry uri https://registry.npmjs.org/bigint
14 verbose request uri https://registry.npmjs.org/bigint
15 verbose request no auth needed
16 info attempt registry request try #1 at 12:02:05 AM
17 verbose request id 9daa931accfb70fa
18 verbose etag W/"58248a52-b226"
19 verbose lastModified Thu, 10 Nov 2016 14:55:14 GMT
20 http request GET https://registry.npmjs.org/bigint
21 http 304 https://registry.npmjs.org/bigint
22 verbose headers { date: 'Mon, 30 Jan 2017 18:32:06 GMT',
22 verbose headers   via: '1.1 varnish',
22 verbose headers   'cache-control': 'max-age=300',
22 verbose headers   etag: 'W/"58248a52-b226"',
22 verbose headers   age: '0',
22 verbose headers   connection: 'keep-alive',
22 verbose headers   'x-served-by': 'cache-sin6920-SIN',
22 verbose headers   'x-cache': 'HIT',
22 verbose headers   'x-cache-hits': '1',
22 verbose headers   'x-timer': 'S1485801126.356179,VS0,VE449',
22 verbose headers   vary: 'Accept-Encoding' }
23 silly get cb [ 304,
23 silly get   { date: 'Mon, 30 Jan 2017 18:32:06 GMT',
23 silly get     via: '1.1 varnish',
23 silly get     'cache-control': 'max-age=300',
23 silly get     etag: 'W/"58248a52-b226"',
23 silly get     age: '0',
23 silly get     connection: 'keep-alive',
23 silly get     'x-served-by': 'cache-sin6920-SIN',
23 silly get     'x-cache': 'HIT',
23 silly get     'x-cache-hits': '1',
23 silly get     'x-timer': 'S1485801126.356179,VS0,VE449',
23 silly get     vary: 'Accept-Encoding' } ]
24 verbose etag https://registry.npmjs.org/bigint from cache
25 verbose get saving bigint to /Users/malaka/.npm/registry.npmjs.org/bigint/.cache.json
26 verbose correctMkdir /Users/malaka/.npm correctMkdir not in flight; initializing
27 silly install normalizeTree
28 silly loadCurrentTree Finishing
29 silly loadIdealTree Starting
30 silly install loadIdealTree
31 silly cloneCurrentTree Starting
32 silly install cloneCurrentTreeToIdealTree
33 silly cloneCurrentTree Finishing
34 silly loadShrinkwrap Starting
35 silly install loadShrinkwrap
36 silly loadShrinkwrap Finishing
37 silly loadAllDepsIntoIdealTree Starting
38 silly install loadAllDepsIntoIdealTree
39 silly resolveWithNewModule bigint@0.4.2 checking installable status
40 silly cache add args [ 'bigint', null ]
41 verbose cache add spec bigint
42 silly cache add parsed spec Result {
42 silly cache add   raw: 'bigint',
42 silly cache add   scope: null,
42 silly cache add   escapedName: 'bigint',
42 silly cache add   name: 'bigint',
42 silly cache add   rawSpec: '',
42 silly cache add   spec: 'latest',
42 silly cache add   type: 'tag' }
43 silly addNamed bigint@latest
44 verbose addNamed "latest" is being treated as a dist-tag for bigint
45 info addNameTag [ 'bigint', 'latest' ]
46 silly mapToRegistry name bigint
47 silly mapToRegistry using default registry
48 silly mapToRegistry registry https://registry.npmjs.org/
49 silly mapToRegistry data Result {
49 silly mapToRegistry   raw: 'bigint',
49 silly mapToRegistry   scope: null,
49 silly mapToRegistry   escapedName: 'bigint',
49 silly mapToRegistry   name: 'bigint',
49 silly mapToRegistry   rawSpec: '',
49 silly mapToRegistry   spec: 'latest',
49 silly mapToRegistry   type: 'tag' }
50 silly mapToRegistry uri https://registry.npmjs.org/bigint
51 verbose addNameTag registry:https://registry.npmjs.org/bigint not in flight; fetching
52 verbose get https://registry.npmjs.org/bigint not expired, no request
53 silly addNameTag next cb for bigint with tag latest
54 silly addNamed bigint@0.4.2
55 verbose addNamed "0.4.2" is a plain semver version for bigint
56 silly cache afterAdd bigint@0.4.2
57 verbose afterAdd /Users/malaka/.npm/bigint/0.4.2/package/package.json not in flight; writing
58 verbose correctMkdir /Users/malaka/.npm correctMkdir not in flight; initializing
59 verbose afterAdd /Users/malaka/.npm/bigint/0.4.2/package/package.json written
60 silly loadAllDepsIntoIdealTree Finishing
61 silly loadIdealTree Finishing
62 silly currentTree rocketmq@1.0.0
62 silly currentTree ├── events@1.1.1
62 silly currentTree ├── net@1.0.2
62 silly currentTree ├── std@0.1.40
62 silly currentTree └── underscore@1.8.3
63 silly idealTree rocketmq@1.0.0
63 silly idealTree ├── bigint@0.4.2
63 silly idealTree ├── events@1.1.1
63 silly idealTree ├── net@1.0.2
63 silly idealTree ├── std@0.1.40
63 silly idealTree └── underscore@1.8.3
64 silly generateActionsToTake Starting
65 silly install generateActionsToTake
66 silly generateActionsToTake Finishing
67 silly diffTrees action count 1
68 silly diffTrees add bigint@0.4.2
69 silly decomposeActions action count 8
70 silly decomposeActions fetch bigint@0.4.2
71 silly decomposeActions extract bigint@0.4.2
72 silly decomposeActions test bigint@0.4.2
73 silly decomposeActions preinstall bigint@0.4.2
74 silly decomposeActions build bigint@0.4.2
75 silly decomposeActions install bigint@0.4.2
76 silly decomposeActions postinstall bigint@0.4.2
77 silly decomposeActions finalize bigint@0.4.2
78 silly runTopLevelLifecycles Starting
79 silly executeActions Starting
80 silly install executeActions
81 silly doSerial global-install 0
82 silly doParallel fetch 1
83 verbose correctMkdir /Users/malaka/.npm/_locks correctMkdir not in flight; initializing
84 verbose lock using /Users/malaka/.npm/_locks/staging-27516cdf57667b89.lock for /Users/malaka/Desktop/npm-rMQ/npm-rMQ/node_modules/.staging
85 silly doParallel extract 1
86 silly extract bigint@0.4.2
87 verbose unbuild node_modules/.staging/bigint-8df30f52
88 silly gentlyRm /Users/malaka/Desktop/npm-rMQ/npm-rMQ/node_modules/.staging/bigint-8df30f52 is being purged from base /Users/malaka/Desktop/npm-rMQ/npm-rMQ
89 verbose gentlyRm don't care about contents; nuking /Users/malaka/Desktop/npm-rMQ/npm-rMQ/node_modules/.staging/bigint-8df30f52
90 verbose tar unpack /Users/malaka/.npm/bigint/0.4.2/package.tgz
91 verbose tar unpacking to /Users/malaka/Desktop/npm-rMQ/npm-rMQ/node_modules/.staging/bigint-8df30f52
92 silly gentlyRm /Users/malaka/Desktop/npm-rMQ/npm-rMQ/node_modules/.staging/bigint-8df30f52 is being purged
93 verbose gentlyRm don't care about contents; nuking /Users/malaka/Desktop/npm-rMQ/npm-rMQ/node_modules/.staging/bigint-8df30f52
94 silly gunzTarPerm modes [ '755', '644' ]
95 silly gunzTarPerm extractEntry package.json
96 silly gunzTarPerm extractEntry .npmignore
97 silly gunzTarPerm extractEntry index.js
98 silly gunzTarPerm extractEntry examples/simple.js
99 silly gunzTarPerm extractEntry examples/perfect.js
100 silly gunzTarPerm extractEntry examples/gen.js
101 silly gunzTarPerm extractEntry test/rand.js
102 silly gunzTarPerm extractEntry test/invertm.js
103 silly gunzTarPerm extractEntry test/primes.js
104 silly gunzTarPerm extractEntry test/mod.js
105 silly gunzTarPerm extractEntry test/cmp.js
106 silly gunzTarPerm extractEntry test/create.js
107 silly gunzTarPerm extractEntry test/arithmetic.js
108 silly gunzTarPerm extractEntry test/bit_length.js
109 silly gunzTarPerm extractEntry test/seed.js
110 silly gunzTarPerm extractEntry test/buf.js
111 silly gunzTarPerm extractEntry test/gcd.js
112 silly gunzTarPerm extractEntry test/bitwise.js
113 silly gunzTarPerm extractEntry test/pow.js
114 silly gunzTarPerm extractEntry test/shift.js
115 silly gunzTarPerm extractEntry wscript
116 silly gunzTarPerm extractEntry .travis.yml
117 silly gunzTarPerm extractEntry bigint.cc
118 silly gunzTarPerm extractEntry README.markdown
119 silly gunzTarPerm extractEntry binding.gyp
120 silly gentlyRm /Users/malaka/Desktop/npm-rMQ/npm-rMQ/node_modules/.staging/bigint-8df30f52/node_modules is being purged
121 verbose gentlyRm don't care about contents; nuking /Users/malaka/Desktop/npm-rMQ/npm-rMQ/node_modules/.staging/bigint-8df30f52/node_modules
122 silly doParallel preinstall 1
123 silly preinstall bigint@0.4.2
124 info lifecycle bigint@0.4.2~preinstall: bigint@0.4.2
125 silly lifecycle bigint@0.4.2~preinstall: no script for preinstall, continuing
126 silly doReverseSerial remove 0
127 silly doSerial move 0
128 silly doSerial finalize 1
129 silly finalize /Users/malaka/Desktop/npm-rMQ/npm-rMQ/node_modules/bigint
130 silly doSerial build 1
131 silly build bigint@0.4.2
132 info linkStuff bigint@0.4.2
133 silly linkStuff bigint@0.4.2 has /Users/malaka/Desktop/npm-rMQ/npm-rMQ/node_modules as its parent node_modules
134 verbose linkBins bigint@0.4.2
135 verbose linkMans bigint@0.4.2
136 silly doSerial global-link 0
137 silly doParallel update-linked 0
138 silly doSerial install 1
139 silly install bigint@0.4.2
140 info lifecycle bigint@0.4.2~install: bigint@0.4.2
141 verbose lifecycle bigint@0.4.2~install: unsafe-perm in lifecycle true
142 verbose lifecycle bigint@0.4.2~install: PATH: /usr/local/lib/node_modules/npm/bin/node-gyp-bin:/Users/malaka/Desktop/npm-rMQ/npm-rMQ/node_modules/bigint/node_modules/.bin:/Users/malaka/Desktop/npm-rMQ/npm-rMQ/node_modules/.bin:/usr/local/bin:/usr/bin:/bin:/usr/sbin:/sbin:/Library/Frameworks/Mono.framework/Versions/Current/Commands:/Users/malaka/Documents/binaries/apache-maven-3.3.3/bin
143 verbose lifecycle bigint@0.4.2~install: CWD: /Users/malaka/Desktop/npm-rMQ/npm-rMQ/node_modules/bigint
144 silly lifecycle bigint@0.4.2~install: Args: [ '-c', 'node-gyp configure build' ]
145 silly lifecycle bigint@0.4.2~install: Returned: code: 1  signal: null
146 info lifecycle bigint@0.4.2~install: Failed to exec install script
147 verbose unlock done using /Users/malaka/.npm/_locks/staging-27516cdf57667b89.lock for /Users/malaka/Desktop/npm-rMQ/npm-rMQ/node_modules/.staging
148 silly rollbackFailedOptional Starting
149 silly gentlyRm /Users/malaka/Desktop/npm-rMQ/npm-rMQ/node_modules/bigint is being purged from base /Users/malaka/Desktop/npm-rMQ/npm-rMQ
150 verbose gentlyRm don't care about contents; nuking /Users/malaka/Desktop/npm-rMQ/npm-rMQ/node_modules/bigint
151 silly gentlyRm /Users/malaka/Desktop/npm-rMQ/npm-rMQ/node_modules/bigint is being purged from base /Users/malaka/Desktop/npm-rMQ/npm-rMQ
152 verbose gentlyRm don't care about contents; nuking /Users/malaka/Desktop/npm-rMQ/npm-rMQ/node_modules/bigint
153 silly gentlyRm /Users/malaka/Desktop/npm-rMQ/npm-rMQ/node_modules/bigint is being purged from base /Users/malaka/Desktop/npm-rMQ/npm-rMQ
154 verbose gentlyRm don't care about contents; nuking /Users/malaka/Desktop/npm-rMQ/npm-rMQ/node_modules/bigint
155 silly gentlyRm /Users/malaka/Desktop/npm-rMQ/npm-rMQ/node_modules/bigint is being purged from base /Users/malaka/Desktop/npm-rMQ/npm-rMQ
156 verbose gentlyRm don't care about contents; nuking /Users/malaka/Desktop/npm-rMQ/npm-rMQ/node_modules/bigint
157 silly gentlyRm /Users/malaka/Desktop/npm-rMQ/npm-rMQ/node_modules/bigint is being purged from base /Users/malaka/Desktop/npm-rMQ/npm-rMQ
158 verbose gentlyRm don't care about contents; nuking /Users/malaka/Desktop/npm-rMQ/npm-rMQ/node_modules/bigint
159 silly gentlyRm /Users/malaka/Desktop/npm-rMQ/npm-rMQ/node_modules/bigint is being purged from base /Users/malaka/Desktop/npm-rMQ/npm-rMQ
160 verbose gentlyRm don't care about contents; nuking /Users/malaka/Desktop/npm-rMQ/npm-rMQ/node_modules/bigint
161 silly gentlyRm /Users/malaka/Desktop/npm-rMQ/npm-rMQ/node_modules/bigint is being purged from base /Users/malaka/Desktop/npm-rMQ/npm-rMQ
162 verbose gentlyRm don't care about contents; nuking /Users/malaka/Desktop/npm-rMQ/npm-rMQ/node_modules/bigint
163 silly gentlyRm /Users/malaka/Desktop/npm-rMQ/npm-rMQ/node_modules/bigint is being purged from base /Users/malaka/Desktop/npm-rMQ/npm-rMQ
164 verbose gentlyRm don't care about contents; nuking /Users/malaka/Desktop/npm-rMQ/npm-rMQ/node_modules/bigint
165 silly vacuum-fs purging /Users/malaka/Desktop/npm-rMQ/npm-rMQ/node_modules/bigint
166 silly vacuum-fs purging /Users/malaka/Desktop/npm-rMQ/npm-rMQ/node_modules/bigint
167 silly vacuum-fs purging /Users/malaka/Desktop/npm-rMQ/npm-rMQ/node_modules/bigint
168 silly vacuum-fs purging /Users/malaka/Desktop/npm-rMQ/npm-rMQ/node_modules/bigint
169 silly vacuum-fs purging /Users/malaka/Desktop/npm-rMQ/npm-rMQ/node_modules/bigint
170 silly vacuum-fs purging /Users/malaka/Desktop/npm-rMQ/npm-rMQ/node_modules/bigint
171 silly vacuum-fs purging /Users/malaka/Desktop/npm-rMQ/npm-rMQ/node_modules/bigint
172 silly vacuum-fs purging /Users/malaka/Desktop/npm-rMQ/npm-rMQ/node_modules/bigint
173 silly vacuum-fs quitting because other entries in /Users/malaka/Desktop/npm-rMQ/npm-rMQ/node_modules
174 silly vacuum-fs quitting because other entries in /Users/malaka/Desktop/npm-rMQ/npm-rMQ/node_modules
175 silly vacuum-fs quitting because other entries in /Users/malaka/Desktop/npm-rMQ/npm-rMQ/node_modules
176 silly vacuum-fs quitting because other entries in /Users/malaka/Desktop/npm-rMQ/npm-rMQ/node_modules
177 silly vacuum-fs quitting because other entries in /Users/malaka/Desktop/npm-rMQ/npm-rMQ/node_modules
178 silly vacuum-fs quitting because other entries in /Users/malaka/Desktop/npm-rMQ/npm-rMQ/node_modules
179 silly vacuum-fs quitting because other entries in /Users/malaka/Desktop/npm-rMQ/npm-rMQ/node_modules
180 silly vacuum-fs quitting because other entries in /Users/malaka/Desktop/npm-rMQ/npm-rMQ/node_modules
181 silly rollbackFailedOptional Finishing
182 silly runTopLevelLifecycles Finishing
183 silly install printInstalled
184 verbose stack Error: bigint@0.4.2 install: `node-gyp configure build`
184 verbose stack Exit status 1
184 verbose stack     at EventEmitter.<anonymous> (/usr/local/lib/node_modules/npm/lib/utils/lifecycle.js:279:16)
184 verbose stack     at emitTwo (events.js:106:13)
184 verbose stack     at EventEmitter.emit (events.js:191:7)
184 verbose stack     at ChildProcess.<anonymous> (/usr/local/lib/node_modules/npm/lib/utils/spawn.js:40:14)
184 verbose stack     at emitTwo (events.js:106:13)
184 verbose stack     at ChildProcess.emit (events.js:191:7)
184 verbose stack     at maybeClose (internal/child_process.js:885:16)
184 verbose stack     at Process.ChildProcess._handle.onexit (internal/child_process.js:226:5)
185 verbose pkgid bigint@0.4.2
186 verbose cwd /Users/malaka/Desktop/npm-rMQ/npm-rMQ
187 error Darwin 15.6.0
188 error argv "/usr/local/bin/node" "/usr/local/bin/npm" "install" "bigint"
189 error node v7.2.1
190 error npm  v4.1.2
191 error code ELIFECYCLE
192 error bigint@0.4.2 install: `node-gyp configure build`
192 error Exit status 1
193 error Failed at the bigint@0.4.2 install script 'node-gyp configure build'.
193 error Make sure you have the latest version of node.js and npm installed.
193 error If you do, this is most likely a problem with the bigint package,
193 error not with npm itself.
193 error Tell the author that this fails on your system:
193 error     node-gyp configure build
193 error You can get information on how to open an issue for this project with:
193 error     npm bugs bigint
193 error Or if that isn't available, you can get their info via:
193 error     npm owner ls bigint
193 error There is likely additional logging output above.
194 verbose exit [ 1, true ]
